[1022/134401.894:ERROR:directory_reader_win.cc(43)] FindFirstFile: El sistema no puede encontrar la ruta especificada. (0x3)
[1105/131637.497:ERROR:directory_reader_win.cc(43)] FindFirstFile: El sistema no puede encontrar la ruta especificada. (0x3)
[1105/181036.743:ERROR:directory_reader_win.cc(43)] FindFirstFile: El sistema no puede encontrar la ruta especificada. (0x3)
[1116/133921.416:ERROR:directory_reader_win.cc(43)] FindFirstFile: El sistema no puede encontrar la ruta especificada. (0x3)
[1116/165227.780:ERROR:directory_reader_win.cc(43)] FindFirstFile: El sistema no puede encontrar la ruta especificada. (0x3)
[1116/181525.264:ERROR:directory_reader_win.cc(43)] FindFirstFile: El sistema no puede encontrar la ruta especificada. (0x3)
[1116/193537.795:ERROR:directory_reader_win.cc(43)] FindFirstFile: El sistema no puede encontrar la ruta especificada. (0x3)
[1117/111700.058:ERROR:directory_reader_win.cc(43)] FindFirstFile: El sistema no puede encontrar la ruta especificada. (0x3)
[1117/130213.380:ERROR:directory_reader_win.cc(43)] FindFirstFile: El sistema no puede encontrar la ruta especificada. (0x3)
[1117/132132.912:ERROR:directory_reader_win.cc(43)] FindFirstFile: El sistema no puede encontrar la ruta especificada. (0x3)
[1117/174623.909:ERROR:directory_reader_win.cc(43)] FindFirstFile: El sistema no puede encontrar la ruta especificada. (0x3)
[0108/183629.335:ERROR:directory_reader_win.cc(43)] FindFirstFile: El sistema no puede encontrar la ruta especificada. (0x3)
[0111/180449.634:ERROR:directory_reader_win.cc(43)] FindFirstFile: El sistema no puede encontrar la ruta especificada. (0x3)
[0111/191659.352:ERROR:directory_reader_win.cc(43)] FindFirstFile: El sistema no puede encontrar la ruta especificada. (0x3)
[0122/165707.890:ERROR:directory_reader_win.cc(43)] FindFirstFile: El sistema no puede encontrar la ruta especificada. (0x3)
[0122/184307.295:ERROR:directory_reader_win.cc(43)] FindFirstFile: El sistema no puede encontrar la ruta especificada. (0x3)
[0126/121052.690:ERROR:directory_reader_win.cc(43)] FindFirstFile: El sistema no puede encontrar la ruta especificada. (0x3)
[0126/124712.666:ERROR:directory_reader_win.cc(43)] FindFirstFile: El sistema no puede encontrar la ruta especificada. (0x3)
[0126/134631.583:ERROR:directory_reader_win.cc(43)] FindFirstFile: El sistema no puede encontrar la ruta especificada. (0x3)
[0129/181430.379:ERROR:directory_reader_win.cc(43)] FindFirstFile: El sistema no puede encontrar la ruta especificada. (0x3)
[0201/161625.637:ERROR:directory_reader_win.cc(43)] FindFirstFile: El sistema no puede encontrar la ruta especificada. (0x3)
[0201/182423.054:ERROR:directory_reader_win.cc(43)] FindFirstFile: El sistema no puede encontrar la ruta especificada. (0x3)
[1116/160447.742:ERROR:viz_main_impl.cc(162)] Exiting GPU process due to errors during initialization
[1116/160447.911:ERROR:viz_main_impl.cc(162)] Exiting GPU process due to errors during initialization
[1116/160448.065:ERROR:gpu_init.cc(441)] Passthrough is not supported, GL is disabled
[1116/160450.327:INFO:CONSOLE(0)] "Error with Permissions-Policy header: Unrecognized feature: 'ch-ua-bitness'.", source:  (0)
[1116/160450.874:WARNING:spdy_session.cc(3505)] Received HEADERS for invalid stream 1
[1116/160450.876:WARNING:spdy_session.cc(3505)] Received HEADERS for invalid stream 1
[1116/160450.931:WARNING:spdy_session.cc(3505)] Received HEADERS for invalid stream 3
[1116/160450.931:WARNING:spdy_session.cc(3505)] Received HEADERS for invalid stream 5
[1116/160451.972:INFO:CONSOLE(0)] "[Report Only] Refused to frame 'https://analytics.zoho.com/' because an ancestor violates the following Content Security Policy directive: "frame-ancestors 'self'".
", source:  (0)
[1116/160451.976:INFO:CONSOLE(0)] "[Report Only] Refused to frame 'https://analytics.zoho.com/' because an ancestor violates the following Content Security Policy directive: "frame-ancestors 'self'".
", source:  (0)
[1116/160451.978:INFO:CONSOLE(0)] "[Report Only] Refused to frame 'https://analytics.zoho.com/' because an ancestor violates the following Content Security Policy directive: "frame-ancestors 'self'".
", source:  (0)
[1116/160451.982:INFO:CONSOLE(0)] "[Report Only] Refused to frame 'https://analytics.zoho.com/' because an ancestor violates the following Content Security Policy directive: "frame-ancestors 'self'".
", source:  (0)
[1116/160451.987:INFO:CONSOLE(0)] "[Report Only] Refused to frame 'https://analytics.zoho.com/' because an ancestor violates the following Content Security Policy directive: "frame-ancestors 'self'".
", source:  (0)
[1116/160452.082:INFO:CONSOLE(0)] "[Report Only] Refused to frame 'https://analytics.zoho.com/' because an ancestor violates the following Content Security Policy directive: "frame-ancestors 'self'".
", source:  (0)
[1116/160458.372:INFO:CONSOLE(18)] "[Report Only] Refused to evaluate a string as JavaScript because 'unsafe-eval' is not an allowed source of script in the following Content Security Policy directive: "script-src 'unsafe-inline' *.csez.zohocorpin.com:8443 https://cdn.pagesense.io widgets.zohosalesiq.com https://js.zohostatic.com https://js.zohostatic.eu https://js.zohostatic.in https://js.zohostatic.com.au https://js.zohostatic.com.cn https://localjs.zohostatic.com https://js.zstaticcontents.com https://js.zstaticcontents.eu https://js.zstaticcontents.in https://js.zstaticcontents.com.au https://js.zstaticcontents.com.cn https://js-stratus.zohostatic.com.cn https://static.zohocdn.com https://js.zohocdn.com https://js.stratuscdn.com https://static.stratuscdn.com".
", source: https://js.zohocdn.com/analytics/v3_zr/zdbjs/jschart/turf.min.ff97241aab7a6a17e4488aaad8b5fbc7.js (18)
[1116/160458.372:INFO:CONSOLE(18)] "[Report Only] Refused to evaluate a string as JavaScript because 'unsafe-eval' is not an allowed source of script in the following Content Security Policy directive: "script-src 'unsafe-inline' *.csez.zohocorpin.com:8443 https://cdn.pagesense.io widgets.zohosalesiq.com https://js.zohostatic.com https://js.zohostatic.eu https://js.zohostatic.in https://js.zohostatic.com.au https://js.zohostatic.com.cn https://localjs.zohostatic.com https://js.zstaticcontents.com https://js.zstaticcontents.eu https://js.zstaticcontents.in https://js.zstaticcontents.com.au https://js.zstaticcontents.com.cn https://js-stratus.zohostatic.com.cn https://static.zohocdn.com https://js.zohocdn.com https://js.stratuscdn.com https://static.stratuscdn.com".
", source: https://js.zohocdn.com/analytics/v3_zr/zdbjs/jschart/turf.min.ff97241aab7a6a17e4488aaad8b5fbc7.js (18)
[1116/160458.373:INFO:CONSOLE(18)] "[Report Only] Refused to evaluate a string as JavaScript because 'unsafe-eval' is not an allowed source of script in the following Content Security Policy directive: "script-src 'unsafe-inline' *.csez.zohocorpin.com:8443 https://cdn.pagesense.io widgets.zohosalesiq.com https://js.zohostatic.com https://js.zohostatic.eu https://js.zohostatic.in https://js.zohostatic.com.au https://js.zohostatic.com.cn https://localjs.zohostatic.com https://js.zstaticcontents.com https://js.zstaticcontents.eu https://js.zstaticcontents.in https://js.zstaticcontents.com.au https://js.zstaticcontents.com.cn https://js-stratus.zohostatic.com.cn https://static.zohocdn.com https://js.zohocdn.com https://js.stratuscdn.com https://static.stratuscdn.com".
", source: https://js.zohocdn.com/analytics/v3_zr/zdbjs/jschart/turf.min.ff97241aab7a6a17e4488aaad8b5fbc7.js (18)
[1116/160458.373:INFO:CONSOLE(18)] "[Report Only] Refused to evaluate a string as JavaScript because 'unsafe-eval' is not an allowed source of script in the following Content Security Policy directive: "script-src 'unsafe-inline' *.csez.zohocorpin.com:8443 https://cdn.pagesense.io widgets.zohosalesiq.com https://js.zohostatic.com https://js.zohostatic.eu https://js.zohostatic.in https://js.zohostatic.com.au https://js.zohostatic.com.cn https://localjs.zohostatic.com https://js.zstaticcontents.com https://js.zstaticcontents.eu https://js.zstaticcontents.in https://js.zstaticcontents.com.au https://js.zstaticcontents.com.cn https://js-stratus.zohostatic.com.cn https://static.zohocdn.com https://js.zohocdn.com https://js.stratuscdn.com https://static.stratuscdn.com".
", source: https://js.zohocdn.com/analytics/v3_zr/zdbjs/jschart/turf.min.ff97241aab7a6a17e4488aaad8b5fbc7.js (18)
[1116/160458.400:INFO:CONSOLE(18)] "[Report Only] Refused to evaluate a string as JavaScript because 'unsafe-eval' is not an allowed source of script in the following Content Security Policy directive: "script-src 'unsafe-inline' *.csez.zohocorpin.com:8443 https://cdn.pagesense.io widgets.zohosalesiq.com https://js.zohostatic.com https://js.zohostatic.eu https://js.zohostatic.in https://js.zohostatic.com.au https://js.zohostatic.com.cn https://localjs.zohostatic.com https://js.zstaticcontents.com https://js.zstaticcontents.eu https://js.zstaticcontents.in https://js.zstaticcontents.com.au https://js.zstaticcontents.com.cn https://js-stratus.zohostatic.com.cn https://static.zohocdn.com https://js.zohocdn.com https://js.stratuscdn.com https://static.stratuscdn.com".
", source: https://js.zohocdn.com/analytics/v3_zr/zdbjs/jschart/turf.min.ff97241aab7a6a17e4488aaad8b5fbc7.js (18)
[1116/160458.400:INFO:CONSOLE(18)] "[Report Only] Refused to evaluate a string as JavaScript because 'unsafe-eval' is not an allowed source of script in the following Content Security Policy directive: "script-src 'unsafe-inline' *.csez.zohocorpin.com:8443 https://cdn.pagesense.io widgets.zohosalesiq.com https://js.zohostatic.com https://js.zohostatic.eu https://js.zohostatic.in https://js.zohostatic.com.au https://js.zohostatic.com.cn https://localjs.zohostatic.com https://js.zstaticcontents.com https://js.zstaticcontents.eu https://js.zstaticcontents.in https://js.zstaticcontents.com.au https://js.zstaticcontents.com.cn https://js-stratus.zohostatic.com.cn https://static.zohocdn.com https://js.zohocdn.com https://js.stratuscdn.com https://static.stratuscdn.com".
", source: https://js.zohocdn.com/analytics/v3_zr/zdbjs/jschart/turf.min.ff97241aab7a6a17e4488aaad8b5fbc7.js (18)
[1116/160458.400:INFO:CONSOLE(18)] "[Report Only] Refused to evaluate a string as JavaScript because 'unsafe-eval' is not an allowed source of script in the following Content Security Policy directive: "script-src 'unsafe-inline' *.csez.zohocorpin.com:8443 https://cdn.pagesense.io widgets.zohosalesiq.com https://js.zohostatic.com https://js.zohostatic.eu https://js.zohostatic.in https://js.zohostatic.com.au https://js.zohostatic.com.cn https://localjs.zohostatic.com https://js.zstaticcontents.com https://js.zstaticcontents.eu https://js.zstaticcontents.in https://js.zstaticcontents.com.au https://js.zstaticcontents.com.cn https://js-stratus.zohostatic.com.cn https://static.zohocdn.com https://js.zohocdn.com https://js.stratuscdn.com https://static.stratuscdn.com".
", source: https://js.zohocdn.com/analytics/v3_zr/zdbjs/jschart/turf.min.ff97241aab7a6a17e4488aaad8b5fbc7.js (18)
[1116/160458.401:INFO:CONSOLE(18)] "[Report Only] Refused to evaluate a string as JavaScript because 'unsafe-eval' is not an allowed source of script in the following Content Security Policy directive: "script-src 'unsafe-inline' *.csez.zohocorpin.com:8443 https://cdn.pagesense.io widgets.zohosalesiq.com https://js.zohostatic.com https://js.zohostatic.eu https://js.zohostatic.in https://js.zohostatic.com.au https://js.zohostatic.com.cn https://localjs.zohostatic.com https://js.zstaticcontents.com https://js.zstaticcontents.eu https://js.zstaticcontents.in https://js.zstaticcontents.com.au https://js.zstaticcontents.com.cn https://js-stratus.zohostatic.com.cn https://static.zohocdn.com https://js.zohocdn.com https://js.stratuscdn.com https://static.stratuscdn.com".
", source: https://js.zohocdn.com/analytics/v3_zr/zdbjs/jschart/turf.min.ff97241aab7a6a17e4488aaad8b5fbc7.js (18)
[1116/160458.992:INFO:CONSOLE(28)] "Error: Failed to initialize WebGL", source: https://js.zohocdn.com/analytics/v3_zr/zdbjs/jschart/mapbox-gl.7e6ed06d765a5ce03e2d71e1b7437d15.js (28)
[1116/160458.996:INFO:CONSOLE(7)] "Uncaught TypeError: Cannot read property 'canvas' of undefined", source: https://js.zohocdn.com/analytics/v3_zr/compressed/ZRChartVendors.7e8f30336d09626929cb3c34c22f1e84.js (7)
[1116/160514.152:INFO:CONSOLE(0)] "Error with Permissions-Policy header: Unrecognized feature: 'ch-ua-bitness'.", source:  (0)
[1116/160514.163:WARNING:spdy_session.cc(3505)] Received HEADERS for invalid stream 45
[1116/160514.662:WARNING:spdy_session.cc(3505)] Received HEADERS for invalid stream 11
[1116/160515.138:INFO:CONSOLE(0)] "[Report Only] Refused to frame 'https://analytics.zoho.com/' because an ancestor violates the following Content Security Policy directive: "frame-ancestors 'self'".
", source:  (0)
[1116/160515.651:INFO:CONSOLE(0)] "[Report Only] Refused to frame 'https://analytics.zoho.com/' because an ancestor violates the following Content Security Policy directive: "frame-ancestors 'self'".
", source:  (0)
[1116/160515.653:INFO:CONSOLE(0)] "[Report Only] Refused to frame 'https://analytics.zoho.com/' because an ancestor violates the following Content Security Policy directive: "frame-ancestors 'self'".
", source:  (0)
[1116/160515.656:INFO:CONSOLE(0)] "[Report Only] Refused to frame 'https://analytics.zoho.com/' because an ancestor violates the following Content Security Policy directive: "frame-ancestors 'self'".
", source:  (0)
[1116/160516.177:INFO:CONSOLE(0)] "[Report Only] Refused to frame 'https://analytics.zoho.com/' because an ancestor violates the following Content Security Policy directive: "frame-ancestors 'self'".
", source:  (0)
[1116/160516.181:INFO:CONSOLE(0)] "[Report Only] Refused to frame 'https://analytics.zoho.com/' because an ancestor violates the following Content Security Policy directive: "frame-ancestors 'self'".
", source:  (0)
[1116/160516.183:INFO:CONSOLE(0)] "[Report Only] Refused to frame 'https://analytics.zoho.com/' because an ancestor violates the following Content Security Policy directive: "frame-ancestors 'self'".
", source:  (0)
[1116/160516.186:INFO:CONSOLE(0)] "[Report Only] Refused to frame 'https://analytics.zoho.com/' because an ancestor violates the following Content Security Policy directive: "frame-ancestors 'self'".
", source:  (0)
[1116/160516.362:INFO:CONSOLE(0)] "[Report Only] Refused to frame 'https://analytics.zoho.com/' because an ancestor violates the following Content Security Policy directive: "frame-ancestors 'self'".
", source:  (0)
[1116/160518.927:INFO:CONSOLE(7)] "[Report Only] Refused to evaluate a string as JavaScript because 'unsafe-eval' is not an allowed source of script in the following Content Security Policy directive: "script-src 'unsafe-inline' *.csez.zohocorpin.com:8443 https://cdn.pagesense.io widgets.zohosalesiq.com https://js.zohostatic.com https://js.zohostatic.eu https://js.zohostatic.in https://js.zohostatic.com.au https://js.zohostatic.com.cn https://localjs.zohostatic.com https://js.zstaticcontents.com https://js.zstaticcontents.eu https://js.zstaticcontents.in https://js.zstaticcontents.com.au https://js.zstaticcontents.com.cn https://js-stratus.zohostatic.com.cn https://static.zohocdn.com https://js.zohocdn.com https://js.stratuscdn.com https://static.stratuscdn.com".
", source: https://js.zohocdn.com/analytics/v3_zr/compressed/InitialJs_FirstLoader.1f57111fca413687db1774cf964e8dc3.js (7)
[1116/160518.927:INFO:CONSOLE(7)] "[Report Only] Refused to evaluate a string as JavaScript because 'unsafe-eval' is not an allowed source of script in the following Content Security Policy directive: "script-src 'unsafe-inline' *.csez.zohocorpin.com:8443 https://cdn.pagesense.io widgets.zohosalesiq.com https://js.zohostatic.com https://js.zohostatic.eu https://js.zohostatic.in https://js.zohostatic.com.au https://js.zohostatic.com.cn https://localjs.zohostatic.com https://js.zstaticcontents.com https://js.zstaticcontents.eu https://js.zstaticcontents.in https://js.zstaticcontents.com.au https://js.zstaticcontents.com.cn https://js-stratus.zohostatic.com.cn https://static.zohocdn.com https://js.zohocdn.com https://js.stratuscdn.com https://static.stratuscdn.com".
", source: https://js.zohocdn.com/analytics/v3_zr/compressed/InitialJs_FirstLoader.1f57111fca413687db1774cf964e8dc3.js (7)
[1116/160518.934:INFO:CONSOLE(7)] "[Report Only] Refused to evaluate a string as JavaScript because 'unsafe-eval' is not an allowed source of script in the following Content Security Policy directive: "script-src 'unsafe-inline' *.csez.zohocorpin.com:8443 https://cdn.pagesense.io widgets.zohosalesiq.com https://js.zohostatic.com https://js.zohostatic.eu https://js.zohostatic.in https://js.zohostatic.com.au https://js.zohostatic.com.cn https://localjs.zohostatic.com https://js.zstaticcontents.com https://js.zstaticcontents.eu https://js.zstaticcontents.in https://js.zstaticcontents.com.au https://js.zstaticcontents.com.cn https://js-stratus.zohostatic.com.cn https://static.zohocdn.com https://js.zohocdn.com https://js.stratuscdn.com https://static.stratuscdn.com".
", source: https://js.zohocdn.com/analytics/v3_zr/compressed/InitialJs_FirstLoader.1f57111fca413687db1774cf964e8dc3.js (7)
[1116/160519.826:INFO:CONSOLE(0)] "[Report Only] Refused to frame 'https://analytics.zoho.com/' because an ancestor violates the following Content Security Policy directive: "frame-ancestors 'self'".
", source:  (0)
[1116/160520.977:WARNING:spdy_session.cc(3505)] Received HEADERS for invalid stream 55
[1116/160520.981:WARNING:spdy_session.cc(3505)] Received HEADERS for invalid stream 15
[1116/160522.621:INFO:CONSOLE(7)] "Uncaught ReferenceError: chartObj is not defined", source: https://js.zohocdn.com/analytics/v3_zr/compressed/ZRChartVendors.7e8f30336d09626929cb3c34c22f1e84.js (7)
[1116/160522.701:INFO:CONSOLE(7)] "Uncaught ReferenceError: chartObj is not defined", source: https://js.zohocdn.com/analytics/v3_zr/compressed/ZRChartVendors.7e8f30336d09626929cb3c34c22f1e84.js (7)
[1116/160524.583:WARNING:spdy_session.cc(3452)] Received WINDOW_UPDATE for invalid stream 11
[1116/160524.583:WARNING:spdy_session.cc(3452)] Received WINDOW_UPDATE for invalid stream 11
[1116/160524.583:WARNING:spdy_session.cc(3452)] Received WINDOW_UPDATE for invalid stream 11
[1116/160524.583:WARNING:spdy_session.cc(3452)] Received WINDOW_UPDATE for invalid stream 11
[1116/160524.583:WARNING:spdy_session.cc(3452)] Received WINDOW_UPDATE for invalid stream 11
[1116/160524.583:WARNING:spdy_session.cc(3452)] Received WINDOW_UPDATE for invalid stream 11
[1116/160524.583:WARNING:spdy_session.cc(3452)] Received WINDOW_UPDATE for invalid stream 11
[1116/160524.583:WARNING:spdy_session.cc(3452)] Received WINDOW_UPDATE for invalid stream 11
[1116/160524.601:WARNING:spdy_session.cc(3452)] Received WINDOW_UPDATE for invalid stream 11
[1116/160524.601:WARNING:spdy_session.cc(3452)] Received WINDOW_UPDATE for invalid stream 11
[1116/160524.601:WARNING:spdy_session.cc(3452)] Received WINDOW_UPDATE for invalid stream 11
[1116/160524.601:WARNING:spdy_session.cc(3452)] Received WINDOW_UPDATE for invalid stream 11
[1116/160524.601:WARNING:spdy_session.cc(3452)] Received WINDOW_UPDATE for invalid stream 11
[1116/160524.601:WARNING:spdy_session.cc(3452)] Received WINDOW_UPDATE for invalid stream 11
[1116/160524.601:WARNING:spdy_session.cc(3452)] Received WINDOW_UPDATE for invalid stream 11
[1116/160524.601:WARNING:spdy_session.cc(3452)] Received WINDOW_UPDATE for invalid stream 11
[1116/160524.656:WARNING:spdy_session.cc(3452)] Received WINDOW_UPDATE for invalid stream 11
[1116/160524.656:WARNING:spdy_session.cc(3452)] Received WINDOW_UPDATE for invalid stream 11
[1116/160524.656:WARNING:spdy_session.cc(3452)] Received WINDOW_UPDATE for invalid stream 11
[1116/160524.656:WARNING:spdy_session.cc(3452)] Received WINDOW_UPDATE for invalid stream 11
[1116/160524.656:WARNING:spdy_session.cc(3452)] Received WINDOW_UPDATE for invalid stream 11
[1116/160524.656:WARNING:spdy_session.cc(3452)] Received WINDOW_UPDATE for invalid stream 11
[1116/160524.656:WARNING:spdy_session.cc(3452)] Received WINDOW_UPDATE for invalid stream 11
[1116/160524.656:WARNING:spdy_session.cc(3452)] Received WINDOW_UPDATE for invalid stream 11
[1116/160524.656:WARNING:spdy_session.cc(3452)] Received WINDOW_UPDATE for invalid stream 11
[1116/160524.656:WARNING:spdy_session.cc(3452)] Received WINDOW_UPDATE for invalid stream 11
[1116/160524.656:WARNING:spdy_session.cc(3452)] Received WINDOW_UPDATE for invalid stream 11
[1116/160524.656:WARNING:spdy_session.cc(3452)] Received WINDOW_UPDATE for invalid stream 11
[1116/160524.656:WARNING:spdy_session.cc(3452)] Received WINDOW_UPDATE for invalid stream 11
[1116/160524.656:WARNING:spdy_session.cc(3452)] Received WINDOW_UPDATE for invalid stream 11
[1116/160524.656:WARNING:spdy_session.cc(3452)] Received WINDOW_UPDATE for invalid stream 11
[1116/160524.656:WARNING:spdy_session.cc(3452)] Received WINDOW_UPDATE for invalid stream 11
[1116/160524.656:WARNING:spdy_session.cc(3452)] Received WINDOW_UPDATE for invalid stream 11
[1116/160524.656:WARNING:spdy_session.cc(3452)] Received WINDOW_UPDATE for invalid stream 11
[1116/160524.656:WARNING:spdy_session.cc(3452)] Received WINDOW_UPDATE for invalid stream 11
[1116/160524.656:WARNING:spdy_session.cc(3452)] Received WINDOW_UPDATE for invalid stream 11
[1116/160524.656:WARNING:spdy_session.cc(3452)] Received WINDOW_UPDATE for invalid stream 11
[1116/160524.656:WARNING:spdy_session.cc(3452)] Received WINDOW_UPDATE for invalid stream 11
[1116/160524.656:WARNING:spdy_session.cc(3452)] Received WINDOW_UPDATE for invalid stream 11
[1116/160524.656:WARNING:spdy_session.cc(3452)] Received WINDOW_UPDATE for invalid stream 11
[1116/160524.656:WARNING:spdy_session.cc(3452)] Received WINDOW_UPDATE for invalid stream 11
[1116/160524.656:WARNING:spdy_session.cc(3452)] Received WINDOW_UPDATE for invalid stream 11
[1116/160524.656:WARNING:spdy_session.cc(3452)] Received WINDOW_UPDATE for invalid stream 11
[1116/160524.656:WARNING:spdy_session.cc(3452)] Received WINDOW_UPDATE for invalid stream 11
[1116/160524.656:WARNING:spdy_session.cc(3452)] Received WINDOW_UPDATE for invalid stream 11
[1116/160524.656:WARNING:spdy_session.cc(3452)] Received WINDOW_UPDATE for invalid stream 11
[1116/160524.656:WARNING:spdy_session.cc(3452)] Received WINDOW_UPDATE for invalid stream 11
[1116/160524.656:WARNING:spdy_session.cc(3452)] Received WINDOW_UPDATE for invalid stream 11
